<?xml version="1.0" encoding="UTF-8"?>
<testsuite xmlns:xsi="http://www.w3.org/2001/XMLSchema-instance" xsi:noNamespaceSchemaLocation="https://maven.apache.org/surefire/maven-surefire-plugin/xsd/surefire-test-report.xsd" name="com.mkb90.app.AppTest" time="0.036" tests="1" errors="0" skipped="0" failures="0">
  <properties>
    <property name="sun.desktop" value="windows"/>
    <property name="awt.toolkit" value="sun.awt.windows.WToolkit"/>
    <property name="file.encoding.pkg" value="sun.io"/>
    <property name="java.specification.version" value="1.8"/>
    <property name="sun.cpu.isalist" value="amd64"/>
    <property name="sun.jnu.encoding" value="Cp1252"/>
    <property name="java.class.path" value="C:\Users\kona3\Documents\newMaven\SearchEngine\target\test-classes;C:\Users\kona3\Documents\newMaven\SearchEngine\target\classes;C:\Users\kona3\.m2\repository\junit\junit\4.11\junit-4.11.jar;C:\Users\kona3\.m2\repository\org\hamcrest\hamcrest-core\1.3\hamcrest-core-1.3.jar;C:\Users\kona3\.m2\repository\com\google\cloud\google-cloud-storage\1.106.0\google-cloud-storage-1.106.0.jar;C:\Users\kona3\.m2\repository\com\google\guava\guava\28.1-android\guava-28.1-android.jar;C:\Users\kona3\.m2\repository\com\google\guava\failureaccess\1.0.1\failureaccess-1.0.1.jar;C:\Users\kona3\.m2\repository\com\google\guava\listenablefuture\9999.0-empty-to-avoid-conflict-with-guava\listenablefuture-9999.0-empty-to-avoid-conflict-with-guava.jar;C:\Users\kona3\.m2\repository\com\google\code\findbugs\jsr305\3.0.2\jsr305-3.0.2.jar;C:\Users\kona3\.m2\repository\org\checkerframework\checker-compat-qual\2.5.5\checker-compat-qual-2.5.5.jar;C:\Users\kona3\.m2\repository\com\google\errorprone\error_prone_annotations\2.3.2\error_prone_annotations-2.3.2.jar;C:\Users\kona3\.m2\repository\com\google\j2objc\j2objc-annotations\1.3\j2objc-annotations-1.3.jar;C:\Users\kona3\.m2\repository\org\codehaus\mojo\animal-sniffer-annotations\1.18\animal-sniffer-annotations-1.18.jar;C:\Users\kona3\.m2\repository\com\google\http-client\google-http-client\1.33.0\google-http-client-1.33.0.jar;C:\Users\kona3\.m2\repository\org\apache\httpcomponents\httpclient\4.5.10\httpclient-4.5.10.jar;C:\Users\kona3\.m2\repository\commons-logging\commons-logging\1.2\commons-logging-1.2.jar;C:\Users\kona3\.m2\repository\commons-codec\commons-codec\1.11\commons-codec-1.11.jar;C:\Users\kona3\.m2\repository\org\apache\httpcomponents\httpcore\4.4.12\httpcore-4.4.12.jar;C:\Users\kona3\.m2\repository\io\opencensus\opencensus-contrib-http-util\0.24.0\opencensus-contrib-http-util-0.24.0.jar;C:\Users\kona3\.m2\repository\com\google\http-client\google-http-client-jackson2\1.33.0\google-http-client-jackson2-1.33.0.jar;C:\Users\kona3\.m2\repository\com\fasterxml\jackson\core\jackson-core\2.10.0\jackson-core-2.10.0.jar;C:\Users\kona3\.m2\repository\com\google\api-client\google-api-client\1.30.9\google-api-client-1.30.9.jar;C:\Users\kona3\.m2\repository\com\google\oauth-client\google-oauth-client\1.30.5\google-oauth-client-1.30.5.jar;C:\Users\kona3\.m2\repository\com\google\apis\google-api-services-storage\v1-rev20200226-1.30.9\google-api-services-storage-v1-rev20200226-1.30.9.jar;C:\Users\kona3\.m2\repository\com\google\cloud\google-cloud-core\1.91.3\google-cloud-core-1.91.3.jar;C:\Users\kona3\.m2\repository\com\google\api\grpc\proto-google-common-protos\1.17.0\proto-google-common-protos-1.17.0.jar;C:\Users\kona3\.m2\repository\com\google\cloud\google-cloud-core-http\1.91.3\google-cloud-core-http-1.91.3.jar;C:\Users\kona3\.m2\repository\com\google\http-client\google-http-client-appengine\1.33.0\google-http-client-appengine-1.33.0.jar;C:\Users\kona3\.m2\repository\com\google\api\gax-httpjson\0.68.0\gax-httpjson-0.68.0.jar;C:\Users\kona3\.m2\repository\com\google\api\gax\1.51.0\gax-1.51.0.jar;C:\Users\kona3\.m2\repository\com\google\auth\google-auth-library-credentials\0.20.0\google-auth-library-credentials-0.20.0.jar;C:\Users\kona3\.m2\repository\com\google\auth\google-auth-library-oauth2-http\0.20.0\google-auth-library-oauth2-http-0.20.0.jar;C:\Users\kona3\.m2\repository\com\google\auto\value\auto-value-annotations\1.7\auto-value-annotations-1.7.jar;C:\Users\kona3\.m2\repository\com\google\api\api-common\1.8.1\api-common-1.8.1.jar;C:\Users\kona3\.m2\repository\javax\annotation\javax.annotation-api\1.3.2\javax.annotation-api-1.3.2.jar;C:\Users\kona3\.m2\repository\io\opencensus\opencensus-api\0.24.0\opencensus-api-0.24.0.jar;C:\Users\kona3\.m2\repository\io\grpc\grpc-context\1.25.0\grpc-context-1.25.0.jar;C:\Users\kona3\.m2\repository\com\google\api\grpc\proto-google-iam-v1\0.13.0\proto-google-iam-v1-0.13.0.jar;C:\Users\kona3\.m2\repository\com\google\protobuf\protobuf-java\3.11.1\protobuf-java-3.11.1.jar;C:\Users\kona3\.m2\repository\com\google\protobuf\protobuf-java-util\3.11.1\protobuf-java-util-3.11.1.jar;C:\Users\kona3\.m2\repository\com\google\code\gson\gson\2.8.6\gson-2.8.6.jar;C:\Users\kona3\.m2\repository\org\threeten\threetenbp\1.4.1\threetenbp-1.4.1.jar;C:\Users\kona3\.m2\repository\com\google\apis\google-api-services-dataproc\v1-rev150-1.25.0\google-api-services-dataproc-v1-rev150-1.25.0.jar;"/>
    <property name="java.vm.vendor" value="Oracle Corporation"/>
    <property name="sun.arch.data.model" value="64"/>
    <property name="user.variant" value=""/>
    <property name="java.vendor.url" value="http://java.oracle.com/"/>
    <property name="user.timezone" value="America/New_York"/>
    <property name="java.vm.specification.version" value="1.8"/>
    <property name="os.name" value="Windows 10"/>
    <property name="user.country" value="US"/>
    <property name="sun.java.launcher" value="SUN_STANDARD"/>
    <property name="sun.boot.library.path" value="C:\Program Files\Java\jdk1.8.0_241\jre\bin"/>
    <property name="sun.java.command" value="C:\Users\kona3\AppData\Local\Temp\surefire967452339993719454\surefirebooter5532188029772838824.jar C:\Users\kona3\AppData\Local\Temp\surefire967452339993719454 2020-04-09T19-10-37_413-jvmRun1 surefire1042475547166243605tmp surefire_07498437548427434721tmp"/>
    <property name="surefire.test.class.path" value="C:\Users\kona3\Documents\newMaven\SearchEngine\target\test-classes;C:\Users\kona3\Documents\newMaven\SearchEngine\target\classes;C:\Users\kona3\.m2\repository\junit\junit\4.11\junit-4.11.jar;C:\Users\kona3\.m2\repository\org\hamcrest\hamcrest-core\1.3\hamcrest-core-1.3.jar;C:\Users\kona3\.m2\repository\com\google\cloud\google-cloud-storage\1.106.0\google-cloud-storage-1.106.0.jar;C:\Users\kona3\.m2\repository\com\google\guava\guava\28.1-android\guava-28.1-android.jar;C:\Users\kona3\.m2\repository\com\google\guava\failureaccess\1.0.1\failureaccess-1.0.1.jar;C:\Users\kona3\.m2\repository\com\google\guava\listenablefuture\9999.0-empty-to-avoid-conflict-with-guava\listenablefuture-9999.0-empty-to-avoid-conflict-with-guava.jar;C:\Users\kona3\.m2\repository\com\google\code\findbugs\jsr305\3.0.2\jsr305-3.0.2.jar;C:\Users\kona3\.m2\repository\org\checkerframework\checker-compat-qual\2.5.5\checker-compat-qual-2.5.5.jar;C:\Users\kona3\.m2\repository\com\google\errorprone\error_prone_annotations\2.3.2\error_prone_annotations-2.3.2.jar;C:\Users\kona3\.m2\repository\com\google\j2objc\j2objc-annotations\1.3\j2objc-annotations-1.3.jar;C:\Users\kona3\.m2\repository\org\codehaus\mojo\animal-sniffer-annotations\1.18\animal-sniffer-annotations-1.18.jar;C:\Users\kona3\.m2\repository\com\google\http-client\google-http-client\1.33.0\google-http-client-1.33.0.jar;C:\Users\kona3\.m2\repository\org\apache\httpcomponents\httpclient\4.5.10\httpclient-4.5.10.jar;C:\Users\kona3\.m2\repository\commons-logging\commons-logging\1.2\commons-logging-1.2.jar;C:\Users\kona3\.m2\repository\commons-codec\commons-codec\1.11\commons-codec-1.11.jar;C:\Users\kona3\.m2\repository\org\apache\httpcomponents\httpcore\4.4.12\httpcore-4.4.12.jar;C:\Users\kona3\.m2\repository\io\opencensus\opencensus-contrib-http-util\0.24.0\opencensus-contrib-http-util-0.24.0.jar;C:\Users\kona3\.m2\repository\com\google\http-client\google-http-client-jackson2\1.33.0\google-http-client-jackson2-1.33.0.jar;C:\Users\kona3\.m2\repository\com\fasterxml\jackson\core\jackson-core\2.10.0\jackson-core-2.10.0.jar;C:\Users\kona3\.m2\repository\com\google\api-client\google-api-client\1.30.9\google-api-client-1.30.9.jar;C:\Users\kona3\.m2\repository\com\google\oauth-client\google-oauth-client\1.30.5\google-oauth-client-1.30.5.jar;C:\Users\kona3\.m2\repository\com\google\apis\google-api-services-storage\v1-rev20200226-1.30.9\google-api-services-storage-v1-rev20200226-1.30.9.jar;C:\Users\kona3\.m2\repository\com\google\cloud\google-cloud-core\1.91.3\google-cloud-core-1.91.3.jar;C:\Users\kona3\.m2\repository\com\google\api\grpc\proto-google-common-protos\1.17.0\proto-google-common-protos-1.17.0.jar;C:\Users\kona3\.m2\repository\com\google\cloud\google-cloud-core-http\1.91.3\google-cloud-core-http-1.91.3.jar;C:\Users\kona3\.m2\repository\com\google\http-client\google-http-client-appengine\1.33.0\google-http-client-appengine-1.33.0.jar;C:\Users\kona3\.m2\repository\com\google\api\gax-httpjson\0.68.0\gax-httpjson-0.68.0.jar;C:\Users\kona3\.m2\repository\com\google\api\gax\1.51.0\gax-1.51.0.jar;C:\Users\kona3\.m2\repository\com\google\auth\google-auth-library-credentials\0.20.0\google-auth-library-credentials-0.20.0.jar;C:\Users\kona3\.m2\repository\com\google\auth\google-auth-library-oauth2-http\0.20.0\google-auth-library-oauth2-http-0.20.0.jar;C:\Users\kona3\.m2\repository\com\google\auto\value\auto-value-annotations\1.7\auto-value-annotations-1.7.jar;C:\Users\kona3\.m2\repository\com\google\api\api-common\1.8.1\api-common-1.8.1.jar;C:\Users\kona3\.m2\repository\javax\annotation\javax.annotation-api\1.3.2\javax.annotation-api-1.3.2.jar;C:\Users\kona3\.m2\repository\io\opencensus\opencensus-api\0.24.0\opencensus-api-0.24.0.jar;C:\Users\kona3\.m2\repository\io\grpc\grpc-context\1.25.0\grpc-context-1.25.0.jar;C:\Users\kona3\.m2\repository\com\google\api\grpc\proto-google-iam-v1\0.13.0\proto-google-iam-v1-0.13.0.jar;C:\Users\kona3\.m2\repository\com\google\protobuf\protobuf-java\3.11.1\protobuf-java-3.11.1.jar;C:\Users\kona3\.m2\repository\com\google\protobuf\protobuf-java-util\3.11.1\protobuf-java-util-3.11.1.jar;C:\Users\kona3\.m2\repository\com\google\code\gson\gson\2.8.6\gson-2.8.6.jar;C:\Users\kona3\.m2\repository\org\threeten\threetenbp\1.4.1\threetenbp-1.4.1.jar;C:\Users\kona3\.m2\repository\com\google\apis\google-api-services-dataproc\v1-rev150-1.25.0\google-api-services-dataproc-v1-rev150-1.25.0.jar;"/>
    <property name="sun.cpu.endian" value="little"/>
    <property name="user.home" value="C:\Users\kona3"/>
    <property name="user.language" value="en"/>
    <property name="java.specification.vendor" value="Oracle Corporation"/>
    <property name="java.home" value="C:\Program Files\Java\jdk1.8.0_241\jre"/>
    <property name="basedir" value="C:\Users\kona3\Documents\newMaven\SearchEngine"/>
    <property name="file.separator" value="\"/>
    <property name="line.separator" value="&#10;"/>
    <property name="java.vm.specification.vendor" value="Oracle Corporation"/>
    <property name="java.specification.name" value="Java Platform API Specification"/>
    <property name="java.awt.graphicsenv" value="sun.awt.Win32GraphicsEnvironment"/>
    <property name="surefire.real.class.path" value="C:\Users\kona3\AppData\Local\Temp\surefire967452339993719454\surefirebooter5532188029772838824.jar"/>
    <property name="sun.boot.class.path" value="C:\Program Files\Java\jdk1.8.0_241\jre\lib\resources.jar;C:\Program Files\Java\jdk1.8.0_241\jre\lib\rt.jar;C:\Program Files\Java\jdk1.8.0_241\jre\lib\sunrsasign.jar;C:\Program Files\Java\jdk1.8.0_241\jre\lib\jsse.jar;C:\Program Files\Java\jdk1.8.0_241\jre\lib\jce.jar;C:\Program Files\Java\jdk1.8.0_241\jre\lib\charsets.jar;C:\Program Files\Java\jdk1.8.0_241\jre\lib\jfr.jar;C:\Program Files\Java\jdk1.8.0_241\jre\classes"/>
    <property name="user.script" value=""/>
    <property name="sun.management.compiler" value="HotSpot 64-Bit Tiered Compilers"/>
    <property name="java.runtime.version" value="1.8.0_241-b07"/>
    <property name="user.name" value="kona3"/>
    <property name="path.separator" value=";"/>
    <property name="os.version" value="10.0"/>
    <property name="java.endorsed.dirs" value="C:\Program Files\Java\jdk1.8.0_241\jre\lib\endorsed"/>
    <property name="java.runtime.name" value="Java(TM) SE Runtime Environment"/>
    <property name="file.encoding" value="Cp1252"/>
    <property name="java.vm.name" value="Java HotSpot(TM) 64-Bit Server VM"/>
    <property name="localRepository" value="C:\Users\kona3\.m2\repository"/>
    <property name="java.vendor.url.bug" value="http://bugreport.sun.com/bugreport/"/>
    <property name="java.io.tmpdir" value="C:\Users\kona3\AppData\Local\Temp\"/>
    <property name="java.version" value="1.8.0_241"/>
    <property name="user.dir" value="C:\Users\kona3\Documents\newMaven\SearchEngine"/>
    <property name="os.arch" value="amd64"/>
    <property name="java.vm.specification.name" value="Java Virtual Machine Specification"/>
    <property name="java.awt.printerjob" value="sun.awt.windows.WPrinterJob"/>
    <property name="sun.os.patch.level" value=""/>
    <property name="java.library.path" value="C:\Program Files\Java\jdk1.8.0_241\jre\bin;C:\Windows\Sun\Java\bin;C:\Windows\system32;C:\Windows;C:\Program Files (x86)\Common Files\Oracle\Java\javapath;C:\Windows\system32;C:\Windows;C:\Windows\System32\Wbem;C:\Windows\System32\WindowsPowerShell\v1.0\;C:\Windows\System32\OpenSSH\;C:\Program Files\Git\cmd;C:\Users\kona3\AppData\Local\Programs\Python\Python38-32;C:\Users\kona3\AppData\Local\Programs\Python\Python38-32\Scripts;C:\Program Files\Docker\Docker\resources\bin;C:\ProgramData\DockerDesktop\version-bin;C:\Program Files\Apache Maven\apache-maven-3.6.3\bin;;C:\Program Files\NVIDIA Corporation\NVIDIA NvDLISR;C:\Users\kona3\AppData\Local\Microsoft\WindowsApps;C:\Users\kona3\AppData\Local\Programs\Microsoft VS Code\bin;C:\Users\kona3\AppData\Local\GitHubDesktop\bin;."/>
    <property name="java.vm.info" value="mixed mode"/>
    <property name="java.vendor" value="Oracle Corporation"/>
    <property name="java.vm.version" value="25.241-b07"/>
    <property name="java.ext.dirs" value="C:\Program Files\Java\jdk1.8.0_241\jre\lib\ext;C:\Windows\Sun\Java\lib\ext"/>
    <property name="sun.io.unicode.encoding" value="UnicodeLittle"/>
    <property name="java.class.version" value="52.0"/>
  </properties>
  <testcase name="shouldAnswerWithTrue" classname="com.mkb90.app.AppTest" time="0.003"/>
</testsuite>